<component name="ProjectRunConfigurationManager">
  <configuration default="false" name="test-proj" type="MAKEFILE_TARGET_RUN_CONFIGURATION" factoryName="Makefile">
    <makefile filename="$PROJECT_DIR$/Makefile" target="test-proj" workingDirectory="$PROJECT_DIR$" arguments="">
      <envs>
        <env name="RUN_ENV" value="local" />
      </envs>
    </makefile>
    <method v="2" />
  </configuration>
</component>